[2025-09-29T08:25:33.489Z] ✅ Notificación enviada a TEST008AB (543757644623@c.us) - 5 días
[2025-09-29T08:25:46.803Z] ✅ Notificación enviada a TEST007AB (543757644623@c.us) - 10 días
[2025-09-29T08:26:04.063Z] ✅ Notificación enviada a TEST006AB (543757644623@c.us) - 15 días
[2025-09-29T08:26:18.389Z] ✅ Notificación enviada a TEST001AB (543757644623@c.us) - 16 días
[2025-09-29T08:26:30.741Z] ✅ Notificación enviada a TEST002AB (543757644623@c.us) - 18 días
[2025-09-29T08:26:44.590Z] ✅ Notificación enviada a TEST003AB (543757644623@c.us) - 22 días
[2025-09-29T08:26:59.604Z] ✅ Notificación enviada a TEST004AB (543757644623@c.us) - 30 días
[2025-09-29T08:32:08.649Z] ✅ Notificación enviada a TEST002AB (543757644623@c.us) - 1 días
[2025-09-29T08:32:21.906Z] ✅ Notificación enviada a TEST003AB (543757644623@c.us) - 2 días
[2025-09-29T08:32:36.752Z] ✅ Notificación enviada a TEST004AB (543757644623@c.us) - 5 días
[2025-09-29T09:00:03.463Z] ✅ Notificación enviada a TEST002AB (543757644623@c.us) - 1 días
[2025-09-29T09:00:15.438Z] ✅ Notificación enviada a TEST003AB (543757644623@c.us) - 2 días
[2025-09-29T09:14:01.220Z] ✅ Notificación enviada a TEST002AB (543757644623@c.us) - 1 días
[2025-09-29T09:14:19.996Z] ✅ Notificación enviada a TEST003AB (543757644623@c.us) - 2 días
[2025-09-29T09:14:36.329Z] ✅ Notificación enviada a TEST004AB (543757644623@c.us) - 5 días
[2025-09-29T09:45:25.446Z] ✅ Notificación enviada a TEST002AB (543757644623@c.us) - 1 días
[2025-09-29T09:50:37.345Z] ✅ Notificación enviada a TEST002AB (543757644623@c.us) - 1 días
[2025-09-29T09:50:50.424Z] ✅ Notificación enviada a TEST003AB (5493757644623@c.us) - 2 días
[2025-09-29T09:51:11.020Z] ✅ Notificación enviada a TEST004AB (543757644623@c.us) - 5 días
[2025-09-29T09:51:29.753Z] ✅ Notificación enviada a TEST001AB (5493757677081@c.us) - 30 días
[2025-09-29T09:56:46.273Z] ✅ Notificación enviada a TEST003AB (543757644623@c.us) - 2 días
[2025-09-29T09:57:02.827Z] ✅ Notificación enviada a TEST004AB (543757644623@c.us) - 4 días
[2025-09-29T09:57:16.859Z] ✅ Notificación enviada a TEST005AB (543757644623@c.us) - 6 días
[2025-09-29T09:57:35.212Z] ✅ Notificación enviada a TEST006AB (543757644623@c.us) - 14 días
[2025-09-29T09:57:53.253Z] ✅ Notificación enviada a TEST009AB (543757644623@c.us) - 29 días
[2025-09-29T10:03:02.993Z] ✅ Notificación enviada a TEST003AB (543757644623@c.us) - 2 días
[2025-09-29T10:03:22.752Z] ✅ Notificación enviada a TEST004AB (543757644623@c.us) - 4 días
[2025-09-29T10:07:55.260Z] ✅ Notificación enviada a TEST003AB (5493757644623@c.us) - 2 días
[2025-09-29T10:08:07.626Z] ✅ Notificación enviada a TEST004AB (5493757644623@c.us) - 4 días
[2025-09-29T10:08:18.264Z] ✅ Notificación enviada a TEST005AB (5493757644623@c.us) - 6 días
[2025-09-29T10:12:56.181Z] ✅ Notificación enviada a TEST003AB (5493757644623@c.us) - 2 días
[2025-09-29T10:13:08.765Z] ✅ Notificación enviada a TEST004AB (5493757644623@c.us) - 4 días
[2025-09-29T10:16:59.597Z] ✅ Notificación enviada a TEST003AB (5493757644623@c.us) - 2 días
[2025-09-29T10:17:11.784Z] ✅ Notificación enviada a TEST004AB (5493757644623@c.us) - 4 días
[2025-09-29T10:17:23.205Z] ✅ Notificación enviada a TEST005AB (5493757644623@c.us) - 6 días
[2025-09-29T10:17:34.723Z] ✅ Notificación enviada a TEST006AB (5493757644623@c.us) - 14 días
[2025-09-29T10:17:45.108Z] ✅ Notificación enviada a TEST009AB (5493757644623@c.us) - 29 días
[2025-09-29T10:18:23.493Z] ✅ Notificación enviada a TEST003AB (5493757644623@c.us) - 2 días
[2025-09-29T10:18:40.142Z] ✅ Notificación enviada a TEST004AB (5493757644623@c.us) - 4 días
[2025-09-29T20:54:00.410Z] ✅ Notificación enviada a AA197DY (5493757540217@c.us) - 1 días
[2025-09-29T20:54:12.461Z] ✅ Notificación enviada a AA610ZY (5493757656663@c.us) - 1 días
[2025-09-29T20:54:23.642Z] ✅ Notificación enviada a AB470TW (5493757633611@c.us) - 1 días
[2025-09-29T20:54:42.263Z] ✅ Notificación enviada a AB796JE (5493757423980@c.us) - 1 días
[2025-09-29T20:54:55.514Z] ✅ Notificación enviada a AC025NZ (5493757512949@c.us) - 1 días
[2025-09-29T20:55:12.625Z] ✅ Notificación enviada a AC867WY (5493757431556@c.us) - 1 días
[2025-09-29T20:55:27.712Z] ✅ Notificación enviada a AD186JO (5493757500911@c.us) - 1 días
[2025-09-29T20:55:43.640Z] ✅ Notificación enviada a AD498ZJ (5493757416363@c.us) - 1 días
[2025-09-29T20:56:01.327Z] ✅ Notificación enviada a AD842MN (5493757455585@c.us) - 1 días
[2025-09-29T20:56:19.854Z] ✅ Notificación enviada a AE031ZZ (5493757314663@c.us) - 1 días
[2025-09-29T20:56:39.614Z] ✅ Notificación enviada a AE078YP (5493757421696@c.us) - 1 días
[2025-09-29T20:56:51.620Z] ✅ Notificación enviada a AE408UC (5493757418698@c.us) - 1 días
[2025-09-29T20:57:05.500Z] ✅ Notificación enviada a AE872FH (5493757446054@c.us) - 1 días
[2025-09-29T20:57:16.178Z] ✅ Notificación enviada a AF799ZM (5493757572868@c.us) - 1 días
[2025-09-29T20:57:26.537Z] ✅ Notificación enviada a AG947GD (5493757458786@c.us) - 1 días
[2025-09-29T20:57:46.215Z] ✅ Notificación enviada a DWS232 (5493757419670@c.us) - 1 días
[2025-09-29T20:57:59.614Z] ✅ Notificación enviada a HNU103 (5493757671485@c.us) - 1 días
[2025-09-29T20:58:15.508Z] ✅ Notificación enviada a JKM221 (5493757452391@c.us) - 1 días
[2025-09-29T20:58:32.470Z] ✅ Notificación enviada a KRZ659 (5493757458492@c.us) - 1 días
[2025-09-29T20:58:50.543Z] ✅ Notificación enviada a LHI431 (5493757510397@c.us) - 1 días
